    1  chsh -s /bin/bash opscode
    2  aptitude install git
    3  git clone git@github.com:carver/gnu-screen-config.git
    4  git clone git://github.com/carver/gnu-screen-config.git
    5  ln gnu-screen-config/.screenrc 
    6  ls -a
    7  screen
    8  ls /var/chef/backup/
    9  ls /var/chef/backup/etc/
   10  cat /var/chef/backup/etc/sudoers.chef-20130116220117 
   11  sudo -l
   12  ls /var/chef/backup/etc/apache2/
   13  ls /var/chef/backup/etc/apache2/sites-available/
   14  cat /var/chef/backup/etc/apache2/sites-available/default.chef-20130116190338 
   15  cat /etc/apache2/sites-available/default.chef
   16  cat /etc/apache2/sites-available/default
   17  diff /var/chef/backup/etc/apache2/sites-available/default.chef-20130116190338 /etc/apache2/sites-available/default
   18  cd /var/log
   19  ls
   20  grep 47F4D5CB6 mail.log
   21  hostname -f
   22  cd ~
   23  history > target-logs-root.log
